# JRE version: OpenJDK Runtime Environment (17.0.2+8) (build 17.0.2+8-86)
# Java VM: OpenJDK 64-Bit Server VM (17.0.2+8-86, mixed mode, sharing, tiered, compressed oops, compressed class ptrs, g1 gc, windows-amd64)
GC Precious Log:
 CPUs: 4 total, 4 available
 Memory: 3961M
 Large Page Support: Disabled
 NUMA Support: Disabled
 Compressed Oops: Enabled (32-bit)
 Heap Region Size: 1M
 Heap Min Capacity: 8M
 Heap Initial Capacity: 62M
 Heap Max Capacity: 2G
 Pre-touch: Disabled
 Parallel Workers: 4
 Concurrent Workers: 1
 Concurrent Refinement Workers: 4
 Periodic GC: Disabled
Heap:
 garbage-first heap   total 158720K, used 72231K [0x0000000080000000, 0x0000000100000000)
  region size 1024K, 1 young (1024K), 1 survivors (1024K)
 Metaspace       used 72180K, committed 72832K, reserved 487424K
  class space    used 9810K, committed 10112K, reserved 421888K
GC Heap History (20 events):
Event: 130.576 GC heap after
{Heap after GC invocations=21 (full 0):
 garbage-first heap   total 76800K, used 33071K [0x0000000080000000, 0x0000000100000000)
  region size 1024K, 4 young (4096K), 4 survivors (4096K)
 Metaspace       used 34002K, committed 34432K, reserved 454656K
  class space    used 4673K, committed 4864K, reserved 421888K
}
Event: 133.457 GC heap before
{Heap before GC invocations=21 (full 0):
 garbage-first heap   total 76800K, used 42287K [0x0000000080000000, 0x0000000100000000)
  region size 1024K, 14 young (14336K), 4 survivors (4096K)
 Metaspace       used 35487K, committed 35968K, reserved 454656K
  class space    used 4822K, committed 5056K, reserved 421888K
}
Event: 133.472 GC heap after
{Heap after GC invocations=22 (full 0):
 garbage-first heap   total 76800K, used 33486K [0x0000000080000000, 0x0000000100000000)
  region size 1024K, 2 young (2048K), 2 survivors (2048K)
 Metaspace       used 35487K, committed 35968K, reserved 454656K
  class space    used 4822K, committed 5056K, reserved 421888K
}
Event: 138.490 GC heap before
{Heap before GC invocations=23 (full 0):
 garbage-first heap   total 76800K, used 61134K [0x0000000080000000, 0x0000000100000000)
  region size 1024K, 30 young (30720K), 2 survivors (2048K)
 Metaspace       used 38453K, committed 38976K, reserved 462848K
  class space    used 5324K, committed 5568K, reserved 421888K
}
Event: 138.499 GC heap after
{Heap after GC invocations=24 (full 0):
 garbage-first heap   total 158720K, used 34675K [0x0000000080000000, 0x0000000100000000)
  region size 1024K, 4 young (4096K), 4 survivors (4096K)
 Metaspace       used 38453K, committed 38976K, reserved 462848K
  class space    used 5324K, committed 5568K, reserved 421888K
}
Event: 166.001 GC heap before
{Heap before GC invocations=24 (full 0):
 garbage-first heap   total 158720K, used 125811K [0x0000000080000000, 0x0000000100000000)
  region size 1024K, 87 young (89088K), 4 survivors (4096K)
 Metaspace       used 47809K, committed 48320K, reserved 471040K
  class space    used 6665K, committed 6912K, reserved 421888K
}
Event: 166.056 GC heap after
{Heap after GC invocations=25 (full 0):
 garbage-first heap   total 158720K, used 46039K [0x0000000080000000, 0x0000000100000000)
  region size 1024K, 9 young (9216K), 9 survivors (9216K)
 Metaspace       used 47809K, committed 48320K, reserved 471040K
  class space    used 6665K, committed 6912K, reserved 421888K
}
Event: 185.669 GC heap before
{Heap before GC invocations=25 (full 0):
 garbage-first heap   total 158720K, used 120791K [0x0000000080000000, 0x0000000100000000)
  region size 1024K, 83 young (84992K), 9 survivors (9216K)
 Metaspace       used 55438K, committed 56064K, reserved 471040K
  class space    used 7660K, committed 7936K, reserved 421888K
}
Event: 185.923 GC heap after
{Heap after GC invocations=26 (full 0):
 garbage-first heap   total 158720K, used 50679K [0x0000000080000000, 0x0000000100000000)
  region size 1024K, 10 young (10240K), 10 survivors (10240K)
 Metaspace       used 55438K, committed 56064K, reserved 471040K
  class space    used 7660K, committed 7936K, reserved 421888K
}
Event: 194.484 GC heap before
{Heap before GC invocations=26 (full 0):
 garbage-first heap   total 158720K, used 92663K [0x0000000080000000, 0x0000000100000000)
  region size 1024K, 51 young (52224K), 10 survivors (10240K)
 Metaspace       used 58192K, committed 58816K, reserved 479232K
  class space    used 8091K, committed 8384K, reserved 421888K
}
Event: 194.594 GC heap after
{Heap after GC invocations=27 (full 0):
 garbage-first heap   total 158720K, used 54063K [0x0000000080000000, 0x0000000100000000)
  region size 1024K, 4 young (4096K), 4 survivors (4096K)
 Metaspace       used 58192K, committed 58816K, reserved 479232K
  class space    used 8091K, committed 8384K, reserved 421888K
}
Event: 206.594 GC heap before
{Heap before GC invocations=27 (full 0):
 garbage-first heap   total 158720K, used 78639K [0x0000000080000000, 0x0000000100000000)
  region size 1024K, 29 young (29696K), 4 survivors (4096K)
 Metaspace       used 59781K, committed 60416K, reserved 479232K
  class space    used 8333K, committed 8640K, reserved 421888K
}
Event: 206.682 GC heap after
{Heap after GC invocations=28 (full 0):
 garbage-first heap   total 158720K, used 55742K [0x0000000080000000, 0x0000000100000000)
  region size 1024K, 6 young (6144K), 6 survivors (6144K)
 Metaspace       used 59781K, committed 60416K, reserved 479232K
  class space    used 8333K, committed 8640K, reserved 421888K
}
Event: 253.184 GC heap before
{Heap before GC invocations=29 (full 0):
 garbage-first heap   total 158720K, used 128446K [0x0000000080000000, 0x0000000100000000)
  region size 1024K, 76 young (77824K), 6 survivors (6144K)
 Metaspace       used 64909K, committed 65600K, reserved 479232K
  class space    used 8967K, committed 9280K, reserved 421888K
}
Event: 253.422 GC heap after
{Heap after GC invocations=30 (full 0):
 garbage-first heap   total 158720K, used 63968K [0x0000000080000000, 0x0000000100000000)
  region size 1024K, 9 young (9216K), 9 survivors (9216K)
 Metaspace       used 64909K, committed 65600K, reserved 479232K
  class space    used 8967K, committed 9280K, reserved 421888K
}
Event: 269.517 GC heap before
{Heap before GC invocations=31 (full 0):
 garbage-first heap   total 158720K, used 132576K [0x0000000080000000, 0x0000000100000000)
  region size 1024K, 69 young (70656K), 9 survivors (9216K)
 Metaspace       used 70847K, committed 71552K, reserved 487424K
  class space    used 9657K, committed 9984K, reserved 421888K
}
Event: 270.588 GC heap after
{Heap after GC invocations=32 (full 0):
 garbage-first heap   total 158720K, used 71863K [0x0000000080000000, 0x0000000100000000)
  region size 1024K, 8 young (8192K), 8 survivors (8192K)
 Metaspace       used 70847K, committed 71552K, reserved 487424K
  class space    used 9657K, committed 9984K, reserved 421888K
}
Event: 270.633 GC heap before
{Heap before GC invocations=32 (full 0):
 garbage-first heap   total 158720K, used 72887K [0x0000000080000000, 0x0000000100000000)
  region size 1024K, 9 young (9216K), 8 survivors (8192K)
 Metaspace       used 70899K, committed 71616K, reserved 487424K
  class space    used 9664K, committed 9984K, reserved 421888K
}
Event: 271.646 GC heap after
{Heap after GC invocations=33 (full 0):
 garbage-first heap   total 158720K, used 72246K [0x0000000080000000, 0x0000000100000000)
  region size 1024K, 1 young (1024K), 1 survivors (1024K)
 Metaspace       used 70899K, committed 71616K, reserved 487424K
  class space    used 9664K, committed 9984K, reserved 421888K
}
Event: 273.537 GC heap before
{Heap before GC invocations=33 (full 0):
 garbage-first heap   total 158720K, used 82486K [0x0000000080000000, 0x0000000100000000)
  region size 1024K, 12 young (12288K), 1 survivors (1024K)
 Metaspace       used 72180K, committed 72832K, reserved 487424K
  class space    used 9810K, committed 10112K, reserved 421888K
}

