# JRE version: OpenJDK Runtime Environment (17.0.2+8) (build 17.0.2+8-86)
# Java VM: OpenJDK 64-Bit Server VM (17.0.2+8-86, mixed mode, sharing, tiered, compressed oops, compressed class ptrs, g1 gc, windows-amd64)
GC Precious Log:
 CPUs: 4 total, 4 available
 Memory: 3961M
 Large Page Support: Disabled
 NUMA Support: Disabled
 Compressed Oops: Enabled (32-bit)
 Heap Region Size: 1M
 Heap Min Capacity: 8M
 Heap Initial Capacity: 62M
 Heap Max Capacity: 2G
 Pre-touch: Disabled
 Parallel Workers: 4
 Concurrent Workers: 1
 Concurrent Refinement Workers: 4
 Periodic GC: Disabled
Heap:
 garbage-first heap   total 63488K, used 39384K [0x0000000080000000, 0x0000000100000000)
  region size 1024K, 16 young (16384K), 4 survivors (4096K)
 Metaspace       used 30120K, committed 30464K, reserved 454656K
  class space    used 4225K, committed 4416K, reserved 421888K
GC Heap History (20 events):
Event: 5.169 GC heap before
{Heap before GC invocations=0 (full 0):
 garbage-first heap   total 63488K, used 12288K [0x0000000080000000, 0x0000000100000000)
  region size 1024K, 13 young (13312K), 0 survivors (0K)
 Metaspace       used 975K, committed 1088K, reserved 430080K
  class space    used 74K, committed 128K, reserved 421888K
}
Event: 5.190 GC heap after
{Heap after GC invocations=1 (full 0):
 garbage-first heap   total 63488K, used 3752K [0x0000000080000000, 0x0000000100000000)
  region size 1024K, 2 young (2048K), 2 survivors (2048K)
 Metaspace       used 975K, committed 1088K, reserved 430080K
  class space    used 74K, committed 128K, reserved 421888K
}
Event: 12.319 GC heap before
{Heap before GC invocations=1 (full 0):
 garbage-first heap   total 63488K, used 22184K [0x0000000080000000, 0x0000000100000000)
  region size 1024K, 17 young (17408K), 2 survivors (2048K)
 Metaspace       used 3860K, committed 4032K, reserved 430080K
  class space    used 475K, committed 576K, reserved 421888K
}
Event: 12.328 GC heap after
{Heap after GC invocations=2 (full 0):
 garbage-first heap   total 63488K, used 10510K [0x0000000080000000, 0x0000000100000000)
  region size 1024K, 3 young (3072K), 3 survivors (3072K)
 Metaspace       used 3860K, committed 4032K, reserved 430080K
  class space    used 475K, committed 576K, reserved 421888K
}
Event: 28.077 GC heap before
{Heap before GC invocations=2 (full 0):
 garbage-first heap   total 63488K, used 28942K [0x0000000080000000, 0x0000000100000000)
  region size 1024K, 21 young (21504K), 3 survivors (3072K)
 Metaspace       used 3932K, committed 4096K, reserved 430080K
  class space    used 476K, committed 576K, reserved 421888K
}
Event: 28.084 GC heap after
{Heap after GC invocations=3 (full 0):
 garbage-first heap   total 63488K, used 10924K [0x0000000080000000, 0x0000000100000000)
  region size 1024K, 1 young (1024K), 1 survivors (1024K)
 Metaspace       used 3932K, committed 4096K, reserved 430080K
  class space    used 476K, committed 576K, reserved 421888K
}
Event: 42.961 GC heap before
{Heap before GC invocations=3 (full 0):
 garbage-first heap   total 63488K, used 43692K [0x0000000080000000, 0x0000000100000000)
  region size 1024K, 32 young (32768K), 1 survivors (1024K)
 Metaspace       used 9275K, committed 9472K, reserved 438272K
  class space    used 1254K, committed 1344K, reserved 421888K
}
Event: 42.973 GC heap after
{Heap after GC invocations=4 (full 0):
 garbage-first heap   total 63488K, used 18119K [0x0000000080000000, 0x0000000100000000)
  region size 1024K, 4 young (4096K), 4 survivors (4096K)
 Metaspace       used 9275K, committed 9472K, reserved 438272K
  class space    used 1254K, committed 1344K, reserved 421888K
}
Event: 52.545 GC heap before
{Heap before GC invocations=4 (full 0):
 garbage-first heap   total 63488K, used 40647K [0x0000000080000000, 0x0000000100000000)
  region size 1024K, 27 young (27648K), 4 survivors (4096K)
 Metaspace       used 13774K, committed 14144K, reserved 438272K
  class space    used 1926K, committed 2112K, reserved 421888K
}
Event: 52.555 GC heap after
{Heap after GC invocations=5 (full 0):
 garbage-first heap   total 63488K, used 19319K [0x0000000080000000, 0x0000000100000000)
  region size 1024K, 2 young (2048K), 2 survivors (2048K)
 Metaspace       used 13774K, committed 14144K, reserved 438272K
  class space    used 1926K, committed 2112K, reserved 421888K
}
Event: 65.923 GC heap before
{Heap before GC invocations=5 (full 0):
 garbage-first heap   total 63488K, used 42871K [0x0000000080000000, 0x0000000100000000)
  region size 1024K, 25 young (25600K), 2 survivors (2048K)
 Metaspace       used 17343K, committed 17664K, reserved 438272K
  class space    used 2519K, committed 2688K, reserved 421888K
}
Event: 65.931 GC heap after
{Heap after GC invocations=6 (full 0):
 garbage-first heap   total 63488K, used 20845K [0x0000000080000000, 0x0000000100000000)
  region size 1024K, 3 young (3072K), 3 survivors (3072K)
 Metaspace       used 17343K, committed 17664K, reserved 438272K
  class space    used 2519K, committed 2688K, reserved 421888K
}
Event: 70.941 GC heap before
{Heap before GC invocations=6 (full 0):
 garbage-first heap   total 63488K, used 45421K [0x0000000080000000, 0x0000000100000000)
  region size 1024K, 27 young (27648K), 3 survivors (3072K)
 Metaspace       used 20967K, committed 21248K, reserved 446464K
  class space    used 3082K, committed 3200K, reserved 421888K
}
Event: 70.948 GC heap after
{Heap after GC invocations=7 (full 0):
 garbage-first heap   total 63488K, used 22264K [0x0000000080000000, 0x0000000100000000)
  region size 1024K, 3 young (3072K), 3 survivors (3072K)
 Metaspace       used 20967K, committed 21248K, reserved 446464K
  class space    used 3082K, committed 3200K, reserved 421888K
}
Event: 71.814 GC heap before
{Heap before GC invocations=7 (full 0):
 garbage-first heap   total 63488K, used 24312K [0x0000000080000000, 0x0000000100000000)
  region size 1024K, 6 young (6144K), 3 survivors (3072K)
 Metaspace       used 21245K, committed 21504K, reserved 446464K
  class space    used 3131K, committed 3264K, reserved 421888K
}
Event: 71.822 GC heap after
{Heap after GC invocations=8 (full 0):
 garbage-first heap   total 63488K, used 22464K [0x0000000080000000, 0x0000000100000000)
  region size 1024K, 2 young (2048K), 2 survivors (2048K)
 Metaspace       used 21245K, committed 21504K, reserved 446464K
  class space    used 3131K, committed 3264K, reserved 421888K
}
Event: 78.710 GC heap before
{Heap before GC invocations=9 (full 0):
 garbage-first heap   total 63488K, used 47040K [0x0000000080000000, 0x0000000100000000)
  region size 1024K, 26 young (26624K), 2 survivors (2048K)
 Metaspace       used 25249K, committed 25664K, reserved 446464K
  class space    used 3663K, committed 3840K, reserved 421888K
}
Event: 78.716 GC heap after
{Heap after GC invocations=10 (full 0):
 garbage-first heap   total 63488K, used 24396K [0x0000000080000000, 0x0000000100000000)
  region size 1024K, 4 young (4096K), 4 survivors (4096K)
 Metaspace       used 25249K, committed 25664K, reserved 446464K
  class space    used 3663K, committed 3840K, reserved 421888K
}
Event: 83.914 GC heap before
{Heap before GC invocations=10 (full 0):
 garbage-first heap   total 63488K, used 46924K [0x0000000080000000, 0x0000000100000000)
  region size 1024K, 27 young (27648K), 4 survivors (4096K)
 Metaspace       used 28892K, committed 29248K, reserved 454656K
  class space    used 4044K, committed 4160K, reserved 421888K
}
Event: 83.926 GC heap after
{Heap after GC invocations=11 (full 0):
 garbage-first heap   total 63488K, used 28120K [0x0000000080000000, 0x0000000100000000)
  region size 1024K, 4 young (4096K), 4 survivors (4096K)
 Metaspace       used 28892K, committed 29248K, reserved 454656K
  class space    used 4044K, committed 4160K, reserved 421888K
}

