# JRE version: OpenJDK Runtime Environment (17.0.2+8) (build 17.0.2+8-86)
# Java VM: OpenJDK 64-Bit Server VM (17.0.2+8-86, mixed mode, sharing, tiered, compressed oops, compressed class ptrs, g1 gc, windows-amd64)
GC Precious Log:
 CPUs: 4 total, 4 available
 Memory: 3961M
 Large Page Support: Disabled
 NUMA Support: Disabled
 Compressed Oops: Enabled (32-bit)
 Heap Region Size: 1M
 Heap Min Capacity: 8M
 Heap Initial Capacity: 62M
 Heap Max Capacity: 2G
 Pre-touch: Disabled
 Parallel Workers: 4
 Concurrent Workers: 1
 Concurrent Refinement Workers: 4
 Periodic GC: Disabled
Heap:
 garbage-first heap   total 102400K, used 60048K [0x0000000080000000, 0x0000000100000000)
  region size 1024K, 1 young (1024K), 1 survivors (1024K)
 Metaspace       used 62582K, committed 63296K, reserved 479232K
  class space    used 8680K, committed 9024K, reserved 421888K
GC Heap History (20 events):
Event: 176.925 GC heap after
{Heap after GC invocations=29 (full 0):
 garbage-first heap   total 89088K, used 50397K [0x0000000080000000, 0x0000000100000000)
  region size 1024K, 4 young (4096K), 4 survivors (4096K)
 Metaspace       used 55075K, committed 55744K, reserved 471040K
  class space    used 7607K, committed 7936K, reserved 421888K
}
Event: 181.156 GC heap before
{Heap before GC invocations=30 (full 0):
 garbage-first heap   total 89088K, used 72925K [0x0000000080000000, 0x0000000100000000)
  region size 1024K, 26 young (26624K), 4 survivors (4096K)
 Metaspace       used 56739K, committed 57408K, reserved 479232K
  class space    used 7866K, committed 8192K, reserved 421888K
}
Event: 181.172 GC heap after
{Heap after GC invocations=31 (full 0):
 garbage-first heap   total 89088K, used 51961K [0x0000000080000000, 0x0000000100000000)
  region size 1024K, 4 young (4096K), 4 survivors (4096K)
 Metaspace       used 56739K, committed 57408K, reserved 479232K
  class space    used 7866K, committed 8192K, reserved 421888K
}
Event: 190.228 GC heap before
{Heap before GC invocations=31 (full 0):
 garbage-first heap   total 89088K, used 73465K [0x0000000080000000, 0x0000000100000000)
  region size 1024K, 25 young (25600K), 4 survivors (4096K)
 Metaspace       used 58134K, committed 58752K, reserved 479232K
  class space    used 8087K, committed 8384K, reserved 421888K
}
Event: 190.399 GC heap after
{Heap after GC invocations=32 (full 0):
 garbage-first heap   total 89088K, used 53703K [0x0000000080000000, 0x0000000100000000)
  region size 1024K, 4 young (4096K), 4 survivors (4096K)
 Metaspace       used 58134K, committed 58752K, reserved 479232K
  class space    used 8087K, committed 8384K, reserved 421888K
}
Event: 203.966 GC heap before
{Heap before GC invocations=33 (full 0):
 garbage-first heap   total 92160K, used 74183K [0x0000000080000000, 0x0000000100000000)
  region size 1024K, 24 young (24576K), 4 survivors (4096K)
 Metaspace       used 59002K, committed 59648K, reserved 479232K
  class space    used 8191K, committed 8512K, reserved 421888K
}
Event: 204.146 GC heap after
{Heap after GC invocations=34 (full 0):
 garbage-first heap   total 92160K, used 55454K [0x0000000080000000, 0x0000000100000000)
  region size 1024K, 3 young (3072K), 3 survivors (3072K)
 Metaspace       used 59002K, committed 59648K, reserved 479232K
  class space    used 8191K, committed 8512K, reserved 421888K
}
Event: 210.769 GC heap before
{Heap before GC invocations=34 (full 0):
 garbage-first heap   total 92160K, used 75934K [0x0000000080000000, 0x0000000100000000)
  region size 1024K, 24 young (24576K), 3 survivors (3072K)
 Metaspace       used 60982K, committed 61632K, reserved 479232K
  class space    used 8502K, committed 8832K, reserved 421888K
}
Event: 210.860 GC heap after
{Heap after GC invocations=35 (full 0):
 garbage-first heap   total 92160K, used 57285K [0x0000000080000000, 0x0000000100000000)
  region size 1024K, 2 young (2048K), 2 survivors (2048K)
 Metaspace       used 60982K, committed 61632K, reserved 479232K
  class space    used 8502K, committed 8832K, reserved 421888K
}
Event: 221.707 GC heap before
{Heap before GC invocations=36 (full 0):
 garbage-first heap   total 97280K, used 76741K [0x0000000080000000, 0x0000000100000000)
  region size 1024K, 21 young (21504K), 2 survivors (2048K)
 Metaspace       used 62477K, committed 63104K, reserved 479232K
  class space    used 8677K, committed 8960K, reserved 421888K
}
Event: 222.752 GC heap after
{Heap after GC invocations=37 (full 0):
 garbage-first heap   total 97280K, used 59554K [0x0000000080000000, 0x0000000100000000)
  region size 1024K, 3 young (3072K), 3 survivors (3072K)
 Metaspace       used 62477K, committed 63104K, reserved 479232K
  class space    used 8677K, committed 8960K, reserved 421888K
}
Event: 222.805 GC heap before
{Heap before GC invocations=37 (full 0):
 garbage-first heap   total 97280K, used 60578K [0x0000000080000000, 0x0000000100000000)
  region size 1024K, 4 young (4096K), 3 survivors (3072K)
 Metaspace       used 62480K, committed 63104K, reserved 479232K
  class space    used 8677K, committed 8960K, reserved 421888K
}
Event: 223.519 GC heap after
{Heap after GC invocations=38 (full 0):
 garbage-first heap   total 97280K, used 59145K [0x0000000080000000, 0x0000000100000000)
  region size 1024K, 1 young (1024K), 1 survivors (1024K)
 Metaspace       used 62480K, committed 63104K, reserved 479232K
  class space    used 8677K, committed 8960K, reserved 421888K
}
Event: 223.641 GC heap before
{Heap before GC invocations=38 (full 0):
 garbage-first heap   total 97280K, used 61193K [0x0000000080000000, 0x0000000100000000)
  region size 1024K, 4 young (4096K), 1 survivors (1024K)
 Metaspace       used 62508K, committed 63104K, reserved 479232K
  class space    used 8677K, committed 8960K, reserved 421888K
}
Event: 223.653 GC heap after
{Heap after GC invocations=39 (full 0):
 garbage-first heap   total 97280K, used 59185K [0x0000000080000000, 0x0000000100000000)
  region size 1024K, 1 young (1024K), 1 survivors (1024K)
 Metaspace       used 62508K, committed 63104K, reserved 479232K
  class space    used 8677K, committed 8960K, reserved 421888K
}
Event: 229.569 GC heap before
{Heap before GC invocations=40 (full 0):
 garbage-first heap   total 102400K, used 63281K [0x0000000080000000, 0x0000000100000000)
  region size 1024K, 5 young (5120K), 1 survivors (1024K)
 Metaspace       used 62533K, committed 63168K, reserved 479232K
  class space    used 8677K, committed 8960K, reserved 421888K
}
Event: 229.577 GC heap after
{Heap after GC invocations=41 (full 0):
 garbage-first heap   total 102400K, used 59841K [0x0000000080000000, 0x0000000100000000)
  region size 1024K, 1 young (1024K), 1 survivors (1024K)
 Metaspace       used 62533K, committed 63168K, reserved 479232K
  class space    used 8677K, committed 8960K, reserved 421888K
}
Event: 229.808 GC heap before
{Heap before GC invocations=41 (full 0):
 garbage-first heap   total 102400K, used 62913K [0x0000000080000000, 0x0000000100000000)
  region size 1024K, 5 young (5120K), 1 survivors (1024K)
 Metaspace       used 62548K, committed 63168K, reserved 479232K
  class space    used 8677K, committed 8960K, reserved 421888K
}
Event: 229.827 GC heap after
{Heap after GC invocations=42 (full 0):
 garbage-first heap   total 102400K, used 60209K [0x0000000080000000, 0x0000000100000000)
  region size 1024K, 1 young (1024K), 1 survivors (1024K)
 Metaspace       used 62548K, committed 63168K, reserved 479232K
  class space    used 8677K, committed 8960K, reserved 421888K
}
Event: 237.883 GC heap before
{Heap before GC invocations=42 (full 0):
 garbage-first heap   total 102400K, used 63281K [0x0000000080000000, 0x0000000100000000)
  region size 1024K, 6 young (6144K), 1 survivors (1024K)
 Metaspace       used 62582K, committed 63296K, reserved 479232K
  class space    used 8680K, committed 9024K, reserved 421888K
}

