# JRE version: OpenJDK Runtime Environment (17.0.2+8) (build 17.0.2+8-86)
# Java VM: OpenJDK 64-Bit Server VM (17.0.2+8-86, mixed mode, sharing, tiered, compressed oops, compressed class ptrs, g1 gc, windows-amd64)
GC Precious Log:
 CPUs: 4 total, 4 available
 Memory: 3961M
 Large Page Support: Disabled
 NUMA Support: Disabled
 Compressed Oops: Enabled (32-bit)
 Heap Region Size: 1M
 Heap Min Capacity: 8M
 Heap Initial Capacity: 62M
 Heap Max Capacity: 2G
 Pre-touch: Disabled
 Parallel Workers: 4
 Concurrent Workers: 1
 Concurrent Refinement Workers: 4
 Periodic GC: Disabled
Heap:
 garbage-first heap   total 63488K, used 38360K [0x0000000080000000, 0x0000000100000000)
  region size 1024K, 15 young (15360K), 4 survivors (4096K)
 Metaspace       used 29994K, committed 30400K, reserved 454656K
  class space    used 4199K, committed 4416K, reserved 421888K
GC Heap History (20 events):
Event: 4.968 GC heap before
{Heap before GC invocations=0 (full 0):
 garbage-first heap   total 63488K, used 12288K [0x0000000080000000, 0x0000000100000000)
  region size 1024K, 13 young (13312K), 0 survivors (0K)
 Metaspace       used 977K, committed 1088K, reserved 430080K
  class space    used 74K, committed 128K, reserved 421888K
}
Event: 5.209 GC heap after
{Heap after GC invocations=1 (full 0):
 garbage-first heap   total 63488K, used 3752K [0x0000000080000000, 0x0000000100000000)
  region size 1024K, 2 young (2048K), 2 survivors (2048K)
 Metaspace       used 977K, committed 1088K, reserved 430080K
  class space    used 74K, committed 128K, reserved 421888K
}
Event: 11.953 GC heap before
{Heap before GC invocations=1 (full 0):
 garbage-first heap   total 63488K, used 22184K [0x0000000080000000, 0x0000000100000000)
  region size 1024K, 17 young (17408K), 2 survivors (2048K)
 Metaspace       used 3869K, committed 4032K, reserved 430080K
  class space    used 474K, committed 576K, reserved 421888K
}
Event: 11.962 GC heap after
{Heap after GC invocations=2 (full 0):
 garbage-first heap   total 63488K, used 10437K [0x0000000080000000, 0x0000000100000000)
  region size 1024K, 3 young (3072K), 3 survivors (3072K)
 Metaspace       used 3869K, committed 4032K, reserved 430080K
  class space    used 474K, committed 576K, reserved 421888K
}
Event: 16.803 GC heap before
{Heap before GC invocations=2 (full 0):
 garbage-first heap   total 63488K, used 28869K [0x0000000080000000, 0x0000000100000000)
  region size 1024K, 21 young (21504K), 3 survivors (3072K)
 Metaspace       used 3935K, committed 4096K, reserved 430080K
  class space    used 475K, committed 576K, reserved 421888K
}
Event: 16.809 GC heap after
{Heap after GC invocations=3 (full 0):
 garbage-first heap   total 63488K, used 10837K [0x0000000080000000, 0x0000000100000000)
  region size 1024K, 1 young (1024K), 1 survivors (1024K)
 Metaspace       used 3935K, committed 4096K, reserved 430080K
  class space    used 475K, committed 576K, reserved 421888K
}
Event: 39.921 GC heap before
{Heap before GC invocations=3 (full 0):
 garbage-first heap   total 63488K, used 42581K [0x0000000080000000, 0x0000000100000000)
  region size 1024K, 32 young (32768K), 1 survivors (1024K)
 Metaspace       used 9269K, committed 9472K, reserved 438272K
  class space    used 1251K, committed 1344K, reserved 421888K
}
Event: 39.930 GC heap after
{Heap after GC invocations=4 (full 0):
 garbage-first heap   total 63488K, used 18009K [0x0000000080000000, 0x0000000100000000)
  region size 1024K, 4 young (4096K), 4 survivors (4096K)
 Metaspace       used 9269K, committed 9472K, reserved 438272K
  class space    used 1251K, committed 1344K, reserved 421888K
}
Event: 54.504 GC heap before
{Heap before GC invocations=4 (full 0):
 garbage-first heap   total 63488K, used 40537K [0x0000000080000000, 0x0000000100000000)
  region size 1024K, 27 young (27648K), 4 survivors (4096K)
 Metaspace       used 13712K, committed 14016K, reserved 438272K
  class space    used 1912K, committed 2048K, reserved 421888K
}
Event: 54.521 GC heap after
{Heap after GC invocations=5 (full 0):
 garbage-first heap   total 63488K, used 19329K [0x0000000080000000, 0x0000000100000000)
  region size 1024K, 2 young (2048K), 2 survivors (2048K)
 Metaspace       used 13712K, committed 14016K, reserved 438272K
  class space    used 1912K, committed 2048K, reserved 421888K
}
Event: 65.666 GC heap before
{Heap before GC invocations=5 (full 0):
 garbage-first heap   total 63488K, used 42881K [0x0000000080000000, 0x0000000100000000)
  region size 1024K, 25 young (25600K), 2 survivors (2048K)
 Metaspace       used 17233K, committed 17536K, reserved 438272K
  class space    used 2486K, committed 2624K, reserved 421888K
}
Event: 65.671 GC heap after
{Heap after GC invocations=6 (full 0):
 garbage-first heap   total 63488K, used 20724K [0x0000000080000000, 0x0000000100000000)
  region size 1024K, 3 young (3072K), 3 survivors (3072K)
 Metaspace       used 17233K, committed 17536K, reserved 438272K
  class space    used 2486K, committed 2624K, reserved 421888K
}
Event: 70.604 GC heap before
{Heap before GC invocations=6 (full 0):
 garbage-first heap   total 63488K, used 45300K [0x0000000080000000, 0x0000000100000000)
  region size 1024K, 27 young (27648K), 3 survivors (3072K)
 Metaspace       used 20790K, committed 21120K, reserved 446464K
  class space    used 3054K, committed 3200K, reserved 421888K
}
Event: 70.615 GC heap after
{Heap after GC invocations=7 (full 0):
 garbage-first heap   total 63488K, used 22261K [0x0000000080000000, 0x0000000100000000)
  region size 1024K, 3 young (3072K), 3 survivors (3072K)
 Metaspace       used 20790K, committed 21120K, reserved 446464K
  class space    used 3054K, committed 3200K, reserved 421888K
}
Event: 71.347 GC heap before
{Heap before GC invocations=7 (full 0):
 garbage-first heap   total 63488K, used 25333K [0x0000000080000000, 0x0000000100000000)
  region size 1024K, 7 young (7168K), 3 survivors (3072K)
 Metaspace       used 21191K, committed 21504K, reserved 446464K
  class space    used 3123K, committed 3264K, reserved 421888K
}
Event: 71.353 GC heap after
{Heap after GC invocations=8 (full 0):
 garbage-first heap   total 63488K, used 22448K [0x0000000080000000, 0x0000000100000000)
  region size 1024K, 2 young (2048K), 2 survivors (2048K)
 Metaspace       used 21191K, committed 21504K, reserved 446464K
  class space    used 3123K, committed 3264K, reserved 421888K
}
Event: 78.379 GC heap before
{Heap before GC invocations=9 (full 0):
 garbage-first heap   total 63488K, used 47024K [0x0000000080000000, 0x0000000100000000)
  region size 1024K, 26 young (26624K), 2 survivors (2048K)
 Metaspace       used 25236K, committed 25600K, reserved 446464K
  class space    used 3659K, committed 3840K, reserved 421888K
}
Event: 78.388 GC heap after
{Heap after GC invocations=10 (full 0):
 garbage-first heap   total 63488K, used 24173K [0x0000000080000000, 0x0000000100000000)
  region size 1024K, 4 young (4096K), 4 survivors (4096K)
 Metaspace       used 25236K, committed 25600K, reserved 446464K
  class space    used 3659K, committed 3840K, reserved 421888K
}
Event: 83.196 GC heap before
{Heap before GC invocations=10 (full 0):
 garbage-first heap   total 63488K, used 46701K [0x0000000080000000, 0x0000000100000000)
  region size 1024K, 27 young (27648K), 4 survivors (4096K)
 Metaspace       used 28909K, committed 29184K, reserved 454656K
  class space    used 4041K, committed 4160K, reserved 421888K
}
Event: 83.210 GC heap after
{Heap after GC invocations=11 (full 0):
 garbage-first heap   total 63488K, used 28120K [0x0000000080000000, 0x0000000100000000)
  region size 1024K, 4 young (4096K), 4 survivors (4096K)
 Metaspace       used 28909K, committed 29184K, reserved 454656K
  class space    used 4041K, committed 4160K, reserved 421888K
}

